

Microchip MPLAB XC8 Assembler V2.10 build 88905656 
                                                                                               Wed Dec 11 22:57:31 2019

Microchip MPLAB XC8 C Compiler v2.10 (Free license) build 20190730164152 Og1 
     1                           	processor	18F4520
     2                           	fnconf	rparam,??,?,0
     3                           	opt	pw 120
     4                           	opt	flic
     5                           	psect	cinit,global,reloc=2,class=CODE,delta=1
     6                           	psect	bssCOMRAM,global,class=COMRAM,space=1,delta=1,noexec
     7                           	psect	cstackCOMRAM,global,class=COMRAM,space=1,delta=1,noexec
     8                           	psect	text0,global,reloc=2,class=CODE,delta=1
     9                           	psect	text1,global,reloc=2,class=CODE,delta=1
    10                           	psect	text2,global,reloc=2,class=CODE,delta=1
    11                           	psect	text3,global,reloc=2,class=CODE,delta=1
    12                           	psect	text4,global,reloc=2,class=CODE,delta=1
    13                           	psect	text5,global,reloc=2,class=CODE,delta=1
    14                           	psect	text6,global,reloc=2,class=CODE,delta=1
    15                           	psect	intcodelo,global,reloc=2,class=CODE,delta=1
    16                           	psect	text8,global,reloc=2,class=CODE,delta=1
    17                           	psect	text9,global,reloc=2,class=CODE,delta=1,group=1
    18                           	psect	text10,global,reloc=2,class=CODE,delta=1
    19                           	psect	intcode,global,reloc=2,class=CODE,delta=1
    20                           	psect	intcode_body,global,reloc=2,class=CODE,delta=1
    21                           	psect	intsave_regs,global,class=BIGRAM,space=1,delta=1,noexec
    22                           	psect	rparam,global,class=COMRAM,space=1,delta=1,noexec
    23                           	psect	temp,global,ovrld,common,class=COMRAM,space=1,delta=1
    24  0000                     
    25                           ; Version 2.10
    26                           ; Generated 31/07/2019 GMT
    27                           ; 
    28                           ; Copyright © 2019, Microchip Technology Inc. and its subsidiaries ("Microchip")
    29                           ; All rights reserved.
    30                           ; 
    31                           ; This software is developed by Microchip Technology Inc. and its subsidiaries ("Microch
      +                          ip").
    32                           ; 
    33                           ; Redistribution and use in source and binary forms, with or without modification, are
    34                           ; permitted provided that the following conditions are met:
    35                           ; 
    36                           ;     1. Redistributions of source code must retain the above copyright notice, this lis
      +                          t of
    37                           ;        conditions and the following disclaimer.
    38                           ; 
    39                           ;     2. Redistributions in binary form must reproduce the above copyright notice, this 
      +                          list
    40                           ;        of conditions and the following disclaimer in the documentation and/or other
    41                           ;        materials provided with the distribution.
    42                           ; 
    43                           ;     3. Microchip's name may not be used to endorse or promote products derived from th
      +                          is
    44                           ;        software without specific prior written permission.
    45                           ; 
    46                           ; THIS SOFTWARE IS PROVIDED BY MICROCHIP "AS IS" AND ANY EXPRESS OR IMPLIED WARRANTIES,
    47                           ; INCLUDING, BUT NOT LIMITED TO, THE IMPLIED WARRANTIES OF MERCHANTABILITY AND FITNESS F
      +                          OR
    48                           ; PURPOSE ARE DISCLAIMED.  IN NO EVENT SHALL MICROCHIP BE LIABLE FOR ANY DIRECT, INDIREC
      +                          T,
    49                           ; INCIDENTAL, SPECIAL, EXEMPLARY, OR CONSEQUENTIAL DAMAGES (INCLUDING BUT NOT LIMITED TO
    50                           ; PROCUREMENT OF SUBSTITUTE GOODS OR SERVICES; LOSS OF USE, DATA OR PROFITS; OR BUSINESS
    51                           ; INTERRUPTION) HOWSOEVER CAUSED AND ON ANY THEORY OF LIABILITY, WHETHER IN CONTRACT, ST
      +                          RICT
    52                           ; LIABILITY, OR TORT (INCLUDING NEGLIGENCE OR OTHERWISE) ARISING IN ANY WAY OUT OF THE U
      +                          SE OF
    53                           ; THIS SOFTWARE, EVEN IF ADVISED OF THE POSSIBILITY OF SUCH DAMAGE.
    54                           ; 
    55                           ; 
    56                           ; Code-generator required, PIC18F4520 Definitions
    57                           ; 
    58                           ; SFR Addresses
    59  0000                     _TRISA	set	3986
    60  0000                     _TRISCbits	set	3988
    61  0000                     _RC2	set	31762
    62  0000                     _TMR3	set	4018
    63  0000                     _ADCON0bits	set	4034
    64  0000                     _ADRESL	set	4035
    65  0000                     _ADRESH	set	4036
    66  0000                     _ADCON2bits	set	4032
    67  0000                     _ADCON1	set	4033
    68  0000                     _CCP1CON	set	4029
    69  0000                     _RCONbits	set	4048
    70  0000                     _RCREG	set	4014
    71  0000                     _TXREG	set	4013
    72  0000                     _IPR1bits	set	3999
    73  0000                     _PIE1bits	set	3997
    74  0000                     _PIR1bits	set	3998
    75  0000                     _RCSTAbits	set	4011
    76  0000                     _SPBRG	set	4015
    77  0000                     _BAUDCONbits	set	4024
    78  0000                     _TXSTAbits	set	4012
    79  0000                     _ADFM	set	32263
    80  0000                     _CREN	set	32092
    81  0000                     _RCIF	set	31989
    82  0000                     _IRCF0	set	32412
    83  0000                     _IRCF1	set	32413
    84  0000                     _IRCF2	set	32414
    85  0000                     _INTCONbits	set	4082
    86                           
    87                           ; #config settings
    88  0000                     
    89                           	psect	cinit
    90  0001A6                     __pcinit:
    91                           	opt callstack 0
    92  0001A6                     start_initialization:
    93                           	opt callstack 0
    94  0001A6                     __initialization:
    95                           	opt callstack 0
    96                           
    97                           ; Clear objects allocated to COMRAM (42 bytes)
    98  0001A6  EE00  F001         	lfsr	0,__pbssCOMRAM
    99  0001AA  0E2A               	movlw	42
   100  0001AC                     clear_0:
   101  0001AC  6AEE               	clrf	postinc0,c
   102  0001AE  06E8               	decf	wreg,f,c
   103  0001B0  E1FD               	bnz	clear_0
   104  0001B2                     end_of_initialization:
   105                           	opt callstack 0
   106  0001B2                     __end_of__initialization:
   107                           	opt callstack 0
   108  0001B2  9036               	bcf	int$flags,0,c	;clear compiler interrupt flag (level 1)
   109  0001B4  9236               	bcf	int$flags,1,c	;clear compiler interrupt flag (level 2)
   110  0001B6  0100               	movlb	0
   111  0001B8  EFFF  F000         	goto	_main	;jump to C main() function
   112                           
   113                           	psect	bssCOMRAM
   114  000001                     __pbssCOMRAM:
   115                           	opt callstack 0
   116  000001                     _str:
   117                           	opt callstack 0
   118  000001                     	ds	20
   119  000015                     _lenStr:
   120                           	opt callstack 0
   121  000015                     	ds	2
   122  000017                     _mystring:
   123                           	opt callstack 0
   124  000017                     	ds	20
   125                           
   126                           	psect	cstackCOMRAM
   127  00002B                     __pcstackCOMRAM:
   128                           	opt callstack 0
   129  00002B                     ?___awmod:
   130                           	opt callstack 0
   131  00002B                     UART_Write@data:
   132                           	opt callstack 0
   133  00002B                     ___awmod@dividend:
   134                           	opt callstack 0
   135                           
   136                           ; 2 bytes @ 0x0
   137  00002B                     	ds	2
   138  00002D                     ___awmod@divisor:
   139                           	opt callstack 0
   140                           
   141                           ; 2 bytes @ 0x2
   142  00002D                     	ds	2
   143  00002F                     ___awmod@counter:
   144                           	opt callstack 0
   145                           
   146                           ; 1 bytes @ 0x4
   147  00002F                     	ds	1
   148  000030                     ___awmod@sign:
   149                           	opt callstack 0
   150                           
   151                           ; 1 bytes @ 0x5
   152  000030                     	ds	1
   153  000031                     ??_Lo_ISR:
   154                           
   155                           ; 1 bytes @ 0x6
   156  000031                     	ds	5
   157  000036                     
   158                           ; 1 bytes @ 0xB
   159 ;;
   160 ;;Main: autosize = 0, tempsize = 0, incstack = 0, save=0
   161 ;;
   162 ;; *************** function _main *****************
   163 ;; Defined at:
   164 ;;		line 9 in file "main.c"
   165 ;; Parameters:    Size  Location     Type
   166 ;;		None
   167 ;; Auto vars:     Size  Location     Type
   168 ;;		None
   169 ;; Return value:  Size  Location     Type
   170 ;;                  1    wreg      void 
   171 ;; Registers used:
   172 ;;		wreg, status,2, cstack
   173 ;; Tracked objects:
   174 ;;		On entry : 0/0
   175 ;;		On exit  : 0/0
   176 ;;		Unchanged: 0/0
   177 ;; Data sizes:     COMRAM   BANK0   BANK1   BANK2   BANK3   BANK4   BANK5
   178 ;;      Params:         0       0       0       0       0       0       0
   179 ;;      Locals:         0       0       0       0       0       0       0
   180 ;;      Temps:          0       0       0       0       0       0       0
   181 ;;      Totals:         0       0       0       0       0       0       0
   182 ;;Total ram usage:        0 bytes
   183 ;; Hardware stack levels required when called:    6
   184 ;; This function calls:
   185 ;;		_SYSTEM_Initialize
   186 ;; This function is called by:
   187 ;;		Startup code after reset
   188 ;; This function uses a non-reentrant model
   189 ;;
   190                           
   191                           	psect	text0
   192  0001FE                     __ptext0:
   193                           	opt callstack 0
   194  0001FE                     _main:
   195                           	opt callstack 25
   196  0001FE                     
   197                           ;main.c: 12:     SYSTEM_Initialize() ;
   198  0001FE  ECDE  F000         	call	_SYSTEM_Initialize	;wreg free
   199  000202                     l141:
   200  000202  EF01  F001         	goto	l141
   201  000206  EF36  F000         	goto	start
   202  00020A                     __end_of_main:
   203                           	opt callstack 0
   204                           
   205 ;; *************** function _SYSTEM_Initialize *****************
   206 ;; Defined at:
   207 ;;		line 60 in file "setting_hardaware/setting.c"
   208 ;; Parameters:    Size  Location     Type
   209 ;;		None
   210 ;; Auto vars:     Size  Location     Type
   211 ;;		None
   212 ;; Return value:  Size  Location     Type
   213 ;;                  1    wreg      void 
   214 ;; Registers used:
   215 ;;		wreg, status,2, cstack
   216 ;; Tracked objects:
   217 ;;		On entry : 0/0
   218 ;;		On exit  : 0/0
   219 ;;		Unchanged: 0/0
   220 ;; Data sizes:     COMRAM   BANK0   BANK1   BANK2   BANK3   BANK4   BANK5
   221 ;;      Params:         0       0       0       0       0       0       0
   222 ;;      Locals:         0       0       0       0       0       0       0
   223 ;;      Temps:          0       0       0       0       0       0       0
   224 ;;      Totals:         0       0       0       0       0       0       0
   225 ;;Total ram usage:        0 bytes
   226 ;; Hardware stack levels used:    1
   227 ;; Hardware stack levels required when called:    5
   228 ;; This function calls:
   229 ;;		_ADC_Initialize
   230 ;;		_CCP1_Initialize
   231 ;;		_INTERRUPT_Initialize
   232 ;;		_OSCILLATOR_Initialize
   233 ;;		_UART_Initialize
   234 ;; This function is called by:
   235 ;;		_main
   236 ;; This function uses a non-reentrant model
   237 ;;
   238                           
   239                           	psect	text1
   240  0001BC                     __ptext1:
   241                           	opt callstack 0
   242  0001BC                     _SYSTEM_Initialize:
   243                           	opt callstack 25
   244  0001BC                     
   245                           ;setting_hardaware/setting.c: 63:     OSCILLATOR_Initialize();
   246  0001BC  EC0B  F001         	call	_OSCILLATOR_Initialize	;wreg free
   247                           
   248                           ;setting_hardaware/setting.c: 67:     INTERRUPT_Initialize();
   249  0001C0  EC0F  F001         	call	_INTERRUPT_Initialize	;wreg free
   250  0001C4                     
   251                           ;setting_hardaware/setting.c: 68:     UART_Initialize();
   252  0001C4  ECB2  F000         	call	_UART_Initialize	;wreg free
   253  0001C8                     
   254                           ;setting_hardaware/setting.c: 69:     CCP1_Initialize();
   255  0001C8  EC05  F001         	call	_CCP1_Initialize	;wreg free
   256  0001CC                     
   257                           ;setting_hardaware/setting.c: 70:     ADC_Initialize();
   258  0001CC  ECE9  F000         	call	_ADC_Initialize	;wreg free
   259  0001D0  0012               	return		;funcret
   260  0001D2                     __end_of_SYSTEM_Initialize:
   261                           	opt callstack 0
   262                           
   263 ;; *************** function _UART_Initialize *****************
   264 ;; Defined at:
   265 ;;		line 7 in file "setting_hardaware/uart.c"
   266 ;; Parameters:    Size  Location     Type
   267 ;;		None
   268 ;; Auto vars:     Size  Location     Type
   269 ;;		None
   270 ;; Return value:  Size  Location     Type
   271 ;;                  1    wreg      void 
   272 ;; Registers used:
   273 ;;		wreg, status,2
   274 ;; Tracked objects:
   275 ;;		On entry : 0/0
   276 ;;		On exit  : 0/0
   277 ;;		Unchanged: 0/0
   278 ;; Data sizes:     COMRAM   BANK0   BANK1   BANK2   BANK3   BANK4   BANK5
   279 ;;      Params:         0       0       0       0       0       0       0
   280 ;;      Locals:         0       0       0       0       0       0       0
   281 ;;      Temps:          0       0       0       0       0       0       0
   282 ;;      Totals:         0       0       0       0       0       0       0
   283 ;;Total ram usage:        0 bytes
   284 ;; Hardware stack levels used:    1
   285 ;; Hardware stack levels required when called:    4
   286 ;; This function calls:
   287 ;;		Nothing
   288 ;; This function is called by:
   289 ;;		_SYSTEM_Initialize
   290 ;; This function uses a non-reentrant model
   291 ;;
   292                           
   293                           	psect	text2
   294  000164                     __ptext2:
   295                           	opt callstack 0
   296  000164                     _UART_Initialize:
   297                           	opt callstack 25
   298  000164                     
   299                           ;setting_hardaware/uart.c: 10:     TRISCbits.TRISC6 = 1;
   300  000164  8C94               	bsf	148,6,c	;volatile
   301                           
   302                           ;setting_hardaware/uart.c: 11:     TRISCbits.TRISC7 = 1;
   303  000166  8E94               	bsf	148,7,c	;volatile
   304                           
   305                           ;setting_hardaware/uart.c: 22:     TXSTAbits.SYNC = 0;
   306  000168  98AC               	bcf	172,4,c	;volatile
   307                           
   308                           ;setting_hardaware/uart.c: 23:     BAUDCONbits.BRG16 = 0 ;
   309  00016A  96B8               	bcf	184,3,c	;volatile
   310                           
   311                           ;setting_hardaware/uart.c: 24:     TXSTAbits.BRGH = 1;
   312  00016C  84AC               	bsf	172,2,c	;volatile
   313  00016E                     
   314                           ;setting_hardaware/uart.c: 25:     SPBRG = 207;
   315  00016E  0ECF               	movlw	207
   316  000170  6EAF               	movwf	175,c	;volatile
   317  000172                     
   318                           ;setting_hardaware/uart.c: 28:     RCSTAbits.SPEN = 1;
   319  000172  8EAB               	bsf	171,7,c	;volatile
   320  000174                     
   321                           ;setting_hardaware/uart.c: 29:     PIR1bits.TXIF = 1;
   322  000174  889E               	bsf	158,4,c	;volatile
   323  000176                     
   324                           ;setting_hardaware/uart.c: 30:     PIR1bits.RCIF = 0;
   325  000176  9A9E               	bcf	158,5,c	;volatile
   326  000178                     
   327                           ;setting_hardaware/uart.c: 31:     TXSTAbits.TXEN = 1;
   328  000178  8AAC               	bsf	172,5,c	;volatile
   329  00017A                     
   330                           ;setting_hardaware/uart.c: 32:     RCSTAbits.CREN = 1;
   331  00017A  88AB               	bsf	171,4,c	;volatile
   332  00017C                     
   333                           ;setting_hardaware/uart.c: 34:     PIE1bits.TXIE = 0;
   334  00017C  989D               	bcf	157,4,c	;volatile
   335  00017E                     
   336                           ;setting_hardaware/uart.c: 35:     IPR1bits.TXIP = 0;
   337  00017E  989F               	bcf	159,4,c	;volatile
   338  000180                     
   339                           ;setting_hardaware/uart.c: 36:     PIE1bits.RCIE = 1;
   340  000180  8A9D               	bsf	157,5,c	;volatile
   341  000182                     
   342                           ;setting_hardaware/uart.c: 37:     IPR1bits.RCIP = 0;
   343  000182  9A9F               	bcf	159,5,c	;volatile
   344  000184  0012               	return		;funcret
   345  000186                     __end_of_UART_Initialize:
   346                           	opt callstack 0
   347                           
   348 ;; *************** function _OSCILLATOR_Initialize *****************
   349 ;; Defined at:
   350 ;;		line 73 in file "setting_hardaware/setting.c"
   351 ;; Parameters:    Size  Location     Type
   352 ;;		None
   353 ;; Auto vars:     Size  Location     Type
   354 ;;		None
   355 ;; Return value:  Size  Location     Type
   356 ;;                  1    wreg      void 
   357 ;; Registers used:
   358 ;;		None
   359 ;; Tracked objects:
   360 ;;		On entry : 0/0
   361 ;;		On exit  : 0/0
   362 ;;		Unchanged: 0/0
   363 ;; Data sizes:     COMRAM   BANK0   BANK1   BANK2   BANK3   BANK4   BANK5
   364 ;;      Params:         0       0       0       0       0       0       0
   365 ;;      Locals:         0       0       0       0       0       0       0
   366 ;;      Temps:          0       0       0       0       0       0       0
   367 ;;      Totals:         0       0       0       0       0       0       0
   368 ;;Total ram usage:        0 bytes
   369 ;; Hardware stack levels used:    1
   370 ;; Hardware stack levels required when called:    4
   371 ;; This function calls:
   372 ;;		Nothing
   373 ;; This function is called by:
   374 ;;		_SYSTEM_Initialize
   375 ;; This function uses a non-reentrant model
   376 ;;
   377                           
   378                           	psect	text3
   379  000216                     __ptext3:
   380                           	opt callstack 0
   381  000216                     _OSCILLATOR_Initialize:
   382                           	opt callstack 25
   383  000216                     
   384                           ;setting_hardaware/setting.c: 75:     IRCF2 = 1;
   385  000216  8CD3               	bsf	4051,6,c	;volatile
   386                           
   387                           ;setting_hardaware/setting.c: 76:     IRCF1 = 1;
   388  000218  8AD3               	bsf	4051,5,c	;volatile
   389                           
   390                           ;setting_hardaware/setting.c: 77:     IRCF0 = 0;
   391  00021A  98D3               	bcf	4051,4,c	;volatile
   392  00021C  0012               	return		;funcret
   393  00021E                     __end_of_OSCILLATOR_Initialize:
   394                           	opt callstack 0
   395                           
   396 ;; *************** function _INTERRUPT_Initialize *****************
   397 ;; Defined at:
   398 ;;		line 3 in file "setting_hardaware/interrupt_manager.c"
   399 ;; Parameters:    Size  Location     Type
   400 ;;		None
   401 ;; Auto vars:     Size  Location     Type
   402 ;;		None
   403 ;; Return value:  Size  Location     Type
   404 ;;                  1    wreg      void 
   405 ;; Registers used:
   406 ;;		None
   407 ;; Tracked objects:
   408 ;;		On entry : 0/0
   409 ;;		On exit  : 0/0
   410 ;;		Unchanged: 0/0
   411 ;; Data sizes:     COMRAM   BANK0   BANK1   BANK2   BANK3   BANK4   BANK5
   412 ;;      Params:         0       0       0       0       0       0       0
   413 ;;      Locals:         0       0       0       0       0       0       0
   414 ;;      Temps:          0       0       0       0       0       0       0
   415 ;;      Totals:         0       0       0       0       0       0       0
   416 ;;Total ram usage:        0 bytes
   417 ;; Hardware stack levels used:    1
   418 ;; Hardware stack levels required when called:    4
   419 ;; This function calls:
   420 ;;		Nothing
   421 ;; This function is called by:
   422 ;;		_SYSTEM_Initialize
   423 ;; This function uses a non-reentrant model
   424 ;;
   425                           
   426                           	psect	text4
   427  00021E                     __ptext4:
   428                           	opt callstack 0
   429  00021E                     _INTERRUPT_Initialize:
   430                           	opt callstack 25
   431  00021E                     
   432                           ;setting_hardaware/interrupt_manager.c: 5:     RCONbits.IPEN = 1;
   433  00021E  8ED0               	bsf	208,7,c	;volatile
   434                           
   435                           ;setting_hardaware/interrupt_manager.c: 6:     INTCONbits.GIEH = 1;
   436  000220  8EF2               	bsf	242,7,c	;volatile
   437                           
   438                           ;setting_hardaware/interrupt_manager.c: 7:     INTCONbits.GIEL = 1;
   439  000222  8CF2               	bsf	242,6,c	;volatile
   440  000224  0012               	return		;funcret
   441  000226                     __end_of_INTERRUPT_Initialize:
   442                           	opt callstack 0
   443                           
   444 ;; *************** function _CCP1_Initialize *****************
   445 ;; Defined at:
   446 ;;		line 3 in file "setting_hardaware/ccp1.c"
   447 ;; Parameters:    Size  Location     Type
   448 ;;		None
   449 ;; Auto vars:     Size  Location     Type
   450 ;;		None
   451 ;; Return value:  Size  Location     Type
   452 ;;                  1    wreg      void 
   453 ;; Registers used:
   454 ;;		wreg, status,2
   455 ;; Tracked objects:
   456 ;;		On entry : 0/0
   457 ;;		On exit  : 0/0
   458 ;;		Unchanged: 0/0
   459 ;; Data sizes:     COMRAM   BANK0   BANK1   BANK2   BANK3   BANK4   BANK5
   460 ;;      Params:         0       0       0       0       0       0       0
   461 ;;      Locals:         0       0       0       0       0       0       0
   462 ;;      Temps:          0       0       0       0       0       0       0
   463 ;;      Totals:         0       0       0       0       0       0       0
   464 ;;Total ram usage:        0 bytes
   465 ;; Hardware stack levels used:    1
   466 ;; Hardware stack levels required when called:    4
   467 ;; This function calls:
   468 ;;		Nothing
   469 ;; This function is called by:
   470 ;;		_SYSTEM_Initialize
   471 ;; This function uses a non-reentrant model
   472 ;;
   473                           
   474                           	psect	text5
   475  00020A                     __ptext5:
   476                           	opt callstack 0
   477  00020A                     _CCP1_Initialize:
   478                           	opt callstack 25
   479  00020A                     
   480                           ;setting_hardaware/ccp1.c: 4:     TRISCbits.TRISC2=0;
   481  00020A  9494               	bcf	148,2,c	;volatile
   482  00020C                     
   483                           ;setting_hardaware/ccp1.c: 5:     CCP1CON=9;
   484  00020C  0E09               	movlw	9
   485  00020E  6EBD               	movwf	189,c	;volatile
   486  000210                     
   487                           ;setting_hardaware/ccp1.c: 6:     PIR1bits.CCP1IF=0;
   488  000210  949E               	bcf	158,2,c	;volatile
   489  000212                     
   490                           ;setting_hardaware/ccp1.c: 7:     IPR1bits.CCP1IP = 1;
   491  000212  849F               	bsf	159,2,c	;volatile
   492  000214  0012               	return		;funcret
   493  000216                     __end_of_CCP1_Initialize:
   494                           	opt callstack 0
   495                           
   496 ;; *************** function _ADC_Initialize *****************
   497 ;; Defined at:
   498 ;;		line 3 in file "setting_hardaware/adc.c"
   499 ;; Parameters:    Size  Location     Type
   500 ;;		None
   501 ;; Auto vars:     Size  Location     Type
   502 ;;		None
   503 ;; Return value:  Size  Location     Type
   504 ;;                  1    wreg      void 
   505 ;; Registers used:
   506 ;;		wreg, status,2
   507 ;; Tracked objects:
   508 ;;		On entry : 0/0
   509 ;;		On exit  : 0/0
   510 ;;		Unchanged: 0/0
   511 ;; Data sizes:     COMRAM   BANK0   BANK1   BANK2   BANK3   BANK4   BANK5
   512 ;;      Params:         0       0       0       0       0       0       0
   513 ;;      Locals:         0       0       0       0       0       0       0
   514 ;;      Temps:          0       0       0       0       0       0       0
   515 ;;      Totals:         0       0       0       0       0       0       0
   516 ;;Total ram usage:        0 bytes
   517 ;; Hardware stack levels used:    1
   518 ;; Hardware stack levels required when called:    4
   519 ;; This function calls:
   520 ;;		Nothing
   521 ;; This function is called by:
   522 ;;		_SYSTEM_Initialize
   523 ;; This function uses a non-reentrant model
   524 ;;
   525                           
   526                           	psect	text6
   527  0001D2                     __ptext6:
   528                           	opt callstack 0
   529  0001D2                     _ADC_Initialize:
   530                           	opt callstack 25
   531  0001D2                     
   532                           ;setting_hardaware/adc.c: 4:     TRISA = 0xff;
   533  0001D2  6892               	setf	146,c	;volatile
   534  0001D4                     
   535                           ;setting_hardaware/adc.c: 5:     ADCON1 = 0x0e;
   536  0001D4  0E0E               	movlw	14
   537  0001D6  6EC1               	movwf	193,c	;volatile
   538  0001D8                     
   539                           ;setting_hardaware/adc.c: 7:     ADFM = 1 ;
   540  0001D8  8EC0               	bsf	4032,7,c	;volatile
   541                           
   542                           ;setting_hardaware/adc.c: 8:     ADCON2bits.ADCS = 7;
   543  0001DA  0E07               	movlw	7
   544  0001DC  12C0               	iorwf	192,f,c	;volatile
   545                           
   546                           ;setting_hardaware/adc.c: 9:     ADRESH=0;
   547  0001DE  0E00               	movlw	0
   548  0001E0  6EC4               	movwf	196,c	;volatile
   549                           
   550                           ;setting_hardaware/adc.c: 10:     ADRESL=0;
   551  0001E2  0E00               	movlw	0
   552  0001E4  6EC3               	movwf	195,c	;volatile
   553  0001E6  0012               	return		;funcret
   554  0001E8                     __end_of_ADC_Initialize:
   555                           	opt callstack 0
   556                           
   557 ;; *************** function _Lo_ISR *****************
   558 ;; Defined at:
   559 ;;		line 75 in file "setting_hardaware/uart.c"
   560 ;; Parameters:    Size  Location     Type
   561 ;;		None
   562 ;; Auto vars:     Size  Location     Type
   563 ;;		None
   564 ;; Return value:  Size  Location     Type
   565 ;;                  1    wreg      void 
   566 ;; Registers used:
   567 ;;		wreg, fsr2l, fsr2h, status,2, status,0, cstack
   568 ;; Tracked objects:
   569 ;;		On entry : 0/0
   570 ;;		On exit  : 0/0
   571 ;;		Unchanged: 0/0
   572 ;; Data sizes:     COMRAM   BANK0   BANK1   BANK2   BANK3   BANK4   BANK5
   573 ;;      Params:         0       0       0       0       0       0       0
   574 ;;      Locals:         0       0       0       0       0       0       0
   575 ;;      Temps:          5       0       0       0       0       0       0
   576 ;;      Totals:         5       0       0       0       0       0       0
   577 ;;Total ram usage:        5 bytes
   578 ;; Hardware stack levels used:    1
   579 ;; Hardware stack levels required when called:    3
   580 ;; This function calls:
   581 ;;		_MyusartRead
   582 ;; This function is called by:
   583 ;;		Interrupt level 1
   584 ;; This function uses a non-reentrant model
   585 ;;
   586                           
   587                           	psect	intcodelo
   588  000018                     __pintcodelo:
   589                           	opt callstack 0
   590  000018                     _Lo_ISR:
   591                           	opt callstack 25
   592                           
   593                           ;incstack = 0
   594  000018  8036               	bsf	int$flags,0,c	;set compiler interrupt flag (level 1)
   595  00001A  CFD8 F031          	movff	status,??_Lo_ISR
   596  00001E  CFE8 F032          	movff	wreg,??_Lo_ISR+1
   597  000022  CFE0 F033          	movff	bsr,??_Lo_ISR+2
   598  000026  CFD9 F034          	movff	fsr2l,??_Lo_ISR+3
   599  00002A  CFDA F035          	movff	fsr2h,??_Lo_ISR+4
   600  00002E                     
   601                           ;setting_hardaware/uart.c: 77:     if(RCIF)
   602  00002E  AA9E               	btfss	3998,5,c	;volatile
   603  000030  EF1C  F000         	goto	i1u20_21
   604  000034  EF1E  F000         	goto	i1u20_20
   605  000038                     i1u20_21:
   606  000038  EF2A  F000         	goto	i1l85
   607  00003C                     i1u20_20:
   608  00003C                     
   609                           ;setting_hardaware/uart.c: 78:     {;setting_hardaware/uart.c: 79:         if(RCSTAbits.
      +                          OERR)
   610  00003C  A2AB               	btfss	171,1,c	;volatile
   611  00003E  EF23  F000         	goto	i1u21_21
   612  000042  EF25  F000         	goto	i1u21_20
   613  000046                     i1u21_21:
   614  000046  EF28  F000         	goto	i1l1030
   615  00004A                     i1u21_20:
   616  00004A                     
   617                           ;setting_hardaware/uart.c: 80:         {;setting_hardaware/uart.c: 81:             CREN 
      +                          = 0;
   618  00004A  98AB               	bcf	4011,4,c	;volatile
   619                           
   620                           ;setting_hardaware/uart.c: 82:             __nop();
   621  00004C  F000               	nop	
   622                           
   623                           ;setting_hardaware/uart.c: 83:             CREN = 1;
   624  00004E  88AB               	bsf	4011,4,c	;volatile
   625  000050                     i1l1030:
   626                           
   627                           ;setting_hardaware/uart.c: 86:         MyusartRead();
   628  000050  EC90  F000         	call	_MyusartRead	;wreg free
   629  000054                     i1l85:
   630  000054  C035  FFDA         	movff	??_Lo_ISR+4,fsr2h
   631  000058  C034  FFD9         	movff	??_Lo_ISR+3,fsr2l
   632  00005C  C033  FFE0         	movff	??_Lo_ISR+2,bsr
   633  000060  C032  FFE8         	movff	??_Lo_ISR+1,wreg
   634  000064  C031  FFD8         	movff	??_Lo_ISR,status
   635  000068  9036               	bcf	int$flags,0,c	;clear compiler interrupt flag (level 1)
   636  00006A  0010               	retfie	
   637  00006C                     __end_of_Lo_ISR:
   638                           	opt callstack 0
   639                           
   640 ;; *************** function _MyusartRead *****************
   641 ;; Defined at:
   642 ;;		line 61 in file "setting_hardaware/uart.c"
   643 ;; Parameters:    Size  Location     Type
   644 ;;		None
   645 ;; Auto vars:     Size  Location     Type
   646 ;;		None
   647 ;; Return value:  Size  Location     Type
   648 ;;                  1    wreg      void 
   649 ;; Registers used:
   650 ;;		wreg, fsr2l, fsr2h, status,2, status,0, cstack
   651 ;; Tracked objects:
   652 ;;		On entry : 0/0
   653 ;;		On exit  : 0/0
   654 ;;		Unchanged: 0/0
   655 ;; Data sizes:     COMRAM   BANK0   BANK1   BANK2   BANK3   BANK4   BANK5
   656 ;;      Params:         0       0       0       0       0       0       0
   657 ;;      Locals:         0       0       0       0       0       0       0
   658 ;;      Temps:          0       0       0       0       0       0       0
   659 ;;      Totals:         0       0       0       0       0       0       0
   660 ;;Total ram usage:        0 bytes
   661 ;; Hardware stack levels used:    1
   662 ;; Hardware stack levels required when called:    2
   663 ;; This function calls:
   664 ;;		_UART_Write
   665 ;;		___awmod
   666 ;; This function is called by:
   667 ;;		_Lo_ISR
   668 ;; This function uses a non-reentrant model
   669 ;;
   670                           
   671                           	psect	text8
   672  000120                     __ptext8:
   673                           	opt callstack 0
   674  000120                     _MyusartRead:
   675                           	opt callstack 25
   676  000120                     
   677                           ;setting_hardaware/uart.c: 63:     mystring[lenStr] = RCREG;
   678  000120  0E17               	movlw	low _mystring
   679  000122  2415               	addwf	_lenStr^0,w,c
   680  000124  6ED9               	movwf	fsr2l,c
   681  000126  0E00               	movlw	high _mystring
   682  000128  2016               	addwfc	(_lenStr+1)^0,w,c
   683  00012A  6EDA               	movwf	fsr2h,c
   684  00012C  CFAE FFDF          	movff	4014,indf2	;volatile
   685  000130                     
   686                           ;setting_hardaware/uart.c: 64:     UART_Write(mystring[lenStr]);
   687  000130  0E17               	movlw	low _mystring
   688  000132  2415               	addwf	_lenStr^0,w,c
   689  000134  6ED9               	movwf	fsr2l,c
   690  000136  0E00               	movlw	high _mystring
   691  000138  2016               	addwfc	(_lenStr+1)^0,w,c
   692  00013A  6EDA               	movwf	fsr2h,c
   693  00013C  50DF               	movf	indf2,w,c
   694  00013E  ECF4  F000         	call	_UART_Write
   695  000142                     
   696                           ;setting_hardaware/uart.c: 65:     lenStr++;
   697  000142  4A15               	infsnz	_lenStr^0,f,c
   698  000144  2A16               	incf	(_lenStr+1)^0,f,c
   699  000146                     
   700                           ;setting_hardaware/uart.c: 66:     lenStr %= 10;
   701  000146  C015  F02B         	movff	_lenStr,___awmod@dividend
   702  00014A  C016  F02C         	movff	_lenStr+1,___awmod@dividend+1
   703  00014E  0E00               	movlw	0
   704  000150  6E2E               	movwf	(___awmod@divisor+1)^0,c
   705  000152  0E0A               	movlw	10
   706  000154  6E2D               	movwf	___awmod@divisor^0,c
   707  000156  EC38  F000         	call	___awmod	;wreg free
   708  00015A  C02B  F015         	movff	?___awmod,_lenStr
   709  00015E  C02C  F016         	movff	?___awmod+1,_lenStr+1
   710  000162  0012               	return		;funcret
   711  000164                     __end_of_MyusartRead:
   712                           	opt callstack 0
   713                           
   714 ;; *************** function ___awmod *****************
   715 ;; Defined at:
   716 ;;		line 7 in file "C:\Program Files (x86)\Microchip\xc8\v2.10\pic\sources\c99\common\awmod.c"
   717 ;; Parameters:    Size  Location     Type
   718 ;;  dividend        2    0[COMRAM] int 
   719 ;;  divisor         2    2[COMRAM] int 
   720 ;; Auto vars:     Size  Location     Type
   721 ;;  sign            1    5[COMRAM] unsigned char 
   722 ;;  counter         1    4[COMRAM] unsigned char 
   723 ;; Return value:  Size  Location     Type
   724 ;;                  2    0[COMRAM] int 
   725 ;; Registers used:
   726 ;;		wreg, status,2, status,0
   727 ;; Tracked objects:
   728 ;;		On entry : 0/0
   729 ;;		On exit  : 0/0
   730 ;;		Unchanged: 0/0
   731 ;; Data sizes:     COMRAM   BANK0   BANK1   BANK2   BANK3   BANK4   BANK5
   732 ;;      Params:         4       0       0       0       0       0       0
   733 ;;      Locals:         2       0       0       0       0       0       0
   734 ;;      Temps:          0       0       0       0       0       0       0
   735 ;;      Totals:         6       0       0       0       0       0       0
   736 ;;Total ram usage:        6 bytes
   737 ;; Hardware stack levels used:    1
   738 ;; Hardware stack levels required when called:    1
   739 ;; This function calls:
   740 ;;		Nothing
   741 ;; This function is called by:
   742 ;;		_MyusartRead
   743 ;; This function uses a non-reentrant model
   744 ;;
   745                           
   746                           	psect	text9
   747  000070                     __ptext9:
   748                           	opt callstack 0
   749  000070                     ___awmod:
   750                           	opt callstack 25
   751  000070  0E00               	movlw	0
   752  000072  6E30               	movwf	___awmod@sign^0,c
   753  000074  BE2C               	btfsc	(___awmod@dividend+1)^0,7,c
   754  000076  EF41  F000         	goto	i1u14_20
   755  00007A  EF3F  F000         	goto	i1u14_21
   756  00007E                     i1u14_21:
   757  00007E  EF47  F000         	goto	i1l986
   758  000082                     i1u14_20:
   759  000082  6C2B               	negf	___awmod@dividend^0,c
   760  000084  1E2C               	comf	(___awmod@dividend+1)^0,f,c
   761  000086  B0D8               	btfsc	status,0,c
   762  000088  2A2C               	incf	(___awmod@dividend+1)^0,f,c
   763  00008A  0E01               	movlw	1
   764  00008C  6E30               	movwf	___awmod@sign^0,c
   765  00008E                     i1l986:
   766  00008E  BE2E               	btfsc	(___awmod@divisor+1)^0,7,c
   767  000090  EF4E  F000         	goto	i1u15_20
   768  000094  EF4C  F000         	goto	i1u15_21
   769  000098                     i1u15_21:
   770  000098  EF52  F000         	goto	i1l990
   771  00009C                     i1u15_20:
   772  00009C  6C2D               	negf	___awmod@divisor^0,c
   773  00009E  1E2E               	comf	(___awmod@divisor+1)^0,f,c
   774  0000A0  B0D8               	btfsc	status,0,c
   775  0000A2  2A2E               	incf	(___awmod@divisor+1)^0,f,c
   776  0000A4                     i1l990:
   777  0000A4  502D               	movf	___awmod@divisor^0,w,c
   778  0000A6  102E               	iorwf	(___awmod@divisor+1)^0,w,c
   779  0000A8  B4D8               	btfsc	status,2,c
   780  0000AA  EF59  F000         	goto	i1u16_21
   781  0000AE  EF5B  F000         	goto	i1u16_20
   782  0000B2                     i1u16_21:
   783  0000B2  EF7F  F000         	goto	i1l1006
   784  0000B6                     i1u16_20:
   785  0000B6  0E01               	movlw	1
   786  0000B8  6E2F               	movwf	___awmod@counter^0,c
   787  0000BA  EF63  F000         	goto	i1l996
   788  0000BE                     i1l994:
   789  0000BE  90D8               	bcf	status,0,c
   790  0000C0  362D               	rlcf	___awmod@divisor^0,f,c
   791  0000C2  362E               	rlcf	(___awmod@divisor+1)^0,f,c
   792  0000C4  2A2F               	incf	___awmod@counter^0,f,c
   793  0000C6                     i1l996:
   794  0000C6  AE2E               	btfss	(___awmod@divisor+1)^0,7,c
   795  0000C8  EF68  F000         	goto	i1u17_21
   796  0000CC  EF6A  F000         	goto	i1u17_20
   797  0000D0                     i1u17_21:
   798  0000D0  EF5F  F000         	goto	i1l994
   799  0000D4                     i1u17_20:
   800  0000D4                     i1l998:
   801  0000D4  502D               	movf	___awmod@divisor^0,w,c
   802  0000D6  5C2B               	subwf	___awmod@dividend^0,w,c
   803  0000D8  502E               	movf	(___awmod@divisor+1)^0,w,c
   804  0000DA  582C               	subwfb	(___awmod@dividend+1)^0,w,c
   805  0000DC  A0D8               	btfss	status,0,c
   806  0000DE  EF73  F000         	goto	i1u18_21
   807  0000E2  EF75  F000         	goto	i1u18_20
   808  0000E6                     i1u18_21:
   809  0000E6  EF79  F000         	goto	i1l1002
   810  0000EA                     i1u18_20:
   811  0000EA  502D               	movf	___awmod@divisor^0,w,c
   812  0000EC  5E2B               	subwf	___awmod@dividend^0,f,c
   813  0000EE  502E               	movf	(___awmod@divisor+1)^0,w,c
   814  0000F0  5A2C               	subwfb	(___awmod@dividend+1)^0,f,c
   815  0000F2                     i1l1002:
   816  0000F2  90D8               	bcf	status,0,c
   817  0000F4  322E               	rrcf	(___awmod@divisor+1)^0,f,c
   818  0000F6  322D               	rrcf	___awmod@divisor^0,f,c
   819  0000F8  2E2F               	decfsz	___awmod@counter^0,f,c
   820  0000FA  EF6A  F000         	goto	i1l998
   821  0000FE                     i1l1006:
   822  0000FE  5030               	movf	___awmod@sign^0,w,c
   823  000100  B4D8               	btfsc	status,2,c
   824  000102  EF85  F000         	goto	i1u19_21
   825  000106  EF87  F000         	goto	i1u19_20
   826  00010A                     i1u19_21:
   827  00010A  EF8B  F000         	goto	i1l1010
   828  00010E                     i1u19_20:
   829  00010E  6C2B               	negf	___awmod@dividend^0,c
   830  000110  1E2C               	comf	(___awmod@dividend+1)^0,f,c
   831  000112  B0D8               	btfsc	status,0,c
   832  000114  2A2C               	incf	(___awmod@dividend+1)^0,f,c
   833  000116                     i1l1010:
   834  000116  C02B  F02B         	movff	___awmod@dividend,?___awmod
   835  00011A  C02C  F02C         	movff	___awmod@dividend+1,?___awmod+1
   836  00011E  0012               	return		;funcret
   837  000120                     __end_of___awmod:
   838                           	opt callstack 0
   839                           
   840 ;; *************** function _UART_Write *****************
   841 ;; Defined at:
   842 ;;		line 40 in file "setting_hardaware/uart.c"
   843 ;; Parameters:    Size  Location     Type
   844 ;;  data            1    wreg     unsigned char 
   845 ;; Auto vars:     Size  Location     Type
   846 ;;  data            1    0[COMRAM] unsigned char 
   847 ;; Return value:  Size  Location     Type
   848 ;;                  1    wreg      void 
   849 ;; Registers used:
   850 ;;		wreg
   851 ;; Tracked objects:
   852 ;;		On entry : 0/0
   853 ;;		On exit  : 0/0
   854 ;;		Unchanged: 0/0
   855 ;; Data sizes:     COMRAM   BANK0   BANK1   BANK2   BANK3   BANK4   BANK5
   856 ;;      Params:         0       0       0       0       0       0       0
   857 ;;      Locals:         1       0       0       0       0       0       0
   858 ;;      Temps:          0       0       0       0       0       0       0
   859 ;;      Totals:         1       0       0       0       0       0       0
   860 ;;Total ram usage:        1 bytes
   861 ;; Hardware stack levels used:    1
   862 ;; Hardware stack levels required when called:    1
   863 ;; This function calls:
   864 ;;		Nothing
   865 ;; This function is called by:
   866 ;;		_MyusartRead
   867 ;;		_UART_Write_Text
   868 ;; This function uses a non-reentrant model
   869 ;;
   870                           
   871                           	psect	text10
   872  0001E8                     __ptext10:
   873                           	opt callstack 0
   874  0001E8                     _UART_Write:
   875                           	opt callstack 25
   876                           
   877                           ;incstack = 0
   878                           ;UART_Write@data stored from wreg
   879  0001E8  6E2B               	movwf	UART_Write@data^0,c
   880  0001EA                     i1l58:
   881  0001EA  A2AC               	btfss	172,1,c	;volatile
   882  0001EC  EFFA  F000         	goto	i1u1_21
   883  0001F0  EFFC  F000         	goto	i1u1_20
   884  0001F4                     i1u1_21:
   885  0001F4  EFF5  F000         	goto	i1l58
   886  0001F8                     i1u1_20:
   887  0001F8                     
   888                           ;setting_hardaware/uart.c: 43:     TXREG = data;
   889  0001F8  C02B  FFAD         	movff	UART_Write@data,4013	;volatile
   890  0001FC  0012               	return		;funcret
   891  0001FE                     __end_of_UART_Write:
   892                           	opt callstack 0
   893                           
   894 ;; *************** function _Hi_ISR *****************
   895 ;; Defined at:
   896 ;;		line 23 in file "main.c"
   897 ;; Parameters:    Size  Location     Type
   898 ;;		None
   899 ;; Auto vars:     Size  Location     Type
   900 ;;		None
   901 ;; Return value:  Size  Location     Type
   902 ;;                  1    wreg      void 
   903 ;; Registers used:
   904 ;;		wreg, status,2
   905 ;; Tracked objects:
   906 ;;		On entry : 0/0
   907 ;;		On exit  : 0/0
   908 ;;		Unchanged: 0/0
   909 ;; Data sizes:     COMRAM   BANK0   BANK1   BANK2   BANK3   BANK4   BANK5
   910 ;;      Params:         0       0       0       0       0       0       0
   911 ;;      Locals:         0       0       0       0       0       0       0
   912 ;;      Temps:          0       0       0       0       0       0       0
   913 ;;      Totals:         0       0       0       0       0       0       0
   914 ;;Total ram usage:        0 bytes
   915 ;; Hardware stack levels used:    1
   916 ;; This function calls:
   917 ;;		Nothing
   918 ;; This function is called by:
   919 ;;		Interrupt level 2
   920 ;; This function uses a non-reentrant model
   921 ;;
   922                           
   923                           	psect	intcode
   924  000008                     __pintcode:
   925                           	opt callstack 0
   926  000008                     _Hi_ISR:
   927                           	opt callstack 25
   928                           
   929                           ;incstack = 0
   930  000008  8236               	bsf	int$flags,1,c	;set compiler interrupt flag (level 2)
   931  00000A  EDC3  F000         	call	int_func,f	;refresh shadow registers
   932                           
   933                           	psect	intcode_body
   934  000186                     __pintcode_body:
   935                           	opt callstack 25
   936  000186                     int_func:
   937                           	opt callstack 25
   938  000186  0006               	pop		; remove dummy address from shadow register refresh
   939  000188                     
   940                           ;main.c: 25:     if(PIR1bits.CCP1IF == 1) {
   941  000188  A49E               	btfss	158,2,c	;volatile
   942  00018A  EFC9  F000         	goto	i2u13_41
   943  00018E  EFCB  F000         	goto	i2u13_40
   944  000192                     i2u13_41:
   945  000192  EFD1  F000         	goto	i2l150
   946  000196                     i2u13_40:
   947  000196                     
   948                           ;main.c: 26:         RC2 ^= 1;
   949  000196  7482               	btg	3970,2,c	;volatile
   950                           
   951                           ;main.c: 27:         PIR1bits.CCP1IF = 0;
   952  000198  949E               	bcf	158,2,c	;volatile
   953  00019A                     
   954                           ;main.c: 28:         TMR3 = 0;
   955  00019A  0E00               	movlw	0
   956  00019C  6EB3               	movwf	179,c	;volatile
   957  00019E  0E00               	movlw	0
   958  0001A0  6EB2               	movwf	178,c	;volatile
   959  0001A2                     i2l150:
   960  0001A2  9236               	bcf	int$flags,1,c	;clear compiler interrupt flag (level 2)
   961  0001A4  0011               	retfie		f
   962  0001A6                     __end_of_Hi_ISR:
   963                           	opt callstack 0
   964  0000                     
   965                           	psect	rparam
   966  0000                     
   967                           	psect	temp
   968  000036                     btemp:
   969                           	opt callstack 0
   970  000036                     	ds	1
   971  0000                     int$flags	set	btemp
   972  0000                     wtemp8	set	btemp+1
   973  0000                     ttemp5	set	btemp+1
   974  0000                     ttemp6	set	btemp+4
   975  0000                     ttemp7	set	btemp+8
   976                           tosu	equ	0xFFF
   977                           tosh	equ	0xFFE
   978                           tosl	equ	0xFFD
   979                           stkptr	equ	0xFFC
   980                           pclatu	equ	0xFFB
   981                           pclath	equ	0xFFA
   982                           pcl	equ	0xFF9
   983                           tblptru	equ	0xFF8
   984                           tblptrh	equ	0xFF7
   985                           tblptrl	equ	0xFF6
   986                           tablat	equ	0xFF5
   987                           prodh	equ	0xFF4
   988                           prodl	equ	0xFF3
   989                           indf0	equ	0xFEF
   990                           postinc0	equ	0xFEE
   991                           postdec0	equ	0xFED
   992                           preinc0	equ	0xFEC
   993                           plusw0	equ	0xFEB
   994                           fsr0h	equ	0xFEA
   995                           fsr0l	equ	0xFE9
   996                           wreg	equ	0xFE8
   997                           indf1	equ	0xFE7
   998                           postinc1	equ	0xFE6
   999                           postdec1	equ	0xFE5
  1000                           preinc1	equ	0xFE4
  1001                           plusw1	equ	0xFE3
  1002                           fsr1h	equ	0xFE2
  1003                           fsr1l	equ	0xFE1
  1004                           bsr	equ	0xFE0
  1005                           indf2	equ	0xFDF
  1006                           postinc2	equ	0xFDE
  1007                           postdec2	equ	0xFDD
  1008                           preinc2	equ	0xFDC
  1009                           plusw2	equ	0xFDB
  1010                           fsr2h	equ	0xFDA
  1011                           fsr2l	equ	0xFD9
  1012                           status	equ	0xFD8


Data Sizes:
    Strings     0
    Constant    0
    Data        0
    BSS         42
    Persistent  0
    Stack       0

Auto Spaces:
    Space          Size  Autos    Used
    COMRAM          126     11      53
    BANK0           128      0       0
    BANK1           256      0       0
    BANK2           256      0       0
    BANK3           256      0       0
    BANK4           256      0       0
    BANK5           244      0       0

Pointer List with Targets:

    sp__GetString	PTR unsigned char  size(2) Largest target is 20
		 -> mystring(COMRAM[20]), 


Critical Paths under _main in COMRAM

    None.

Critical Paths under _Lo_ISR in COMRAM

    _MyusartRead->___awmod

Critical Paths under _Hi_ISR in COMRAM

    None.

Critical Paths under _main in BANK0

    None.

Critical Paths under _Lo_ISR in BANK0

    None.

Critical Paths under _Hi_ISR in BANK0

    None.

Critical Paths under _main in BANK1

    None.

Critical Paths under _Lo_ISR in BANK1

    None.

Critical Paths under _Hi_ISR in BANK1

    None.

Critical Paths under _main in BANK2

    None.

Critical Paths under _Lo_ISR in BANK2

    None.

Critical Paths under _Hi_ISR in BANK2

    None.

Critical Paths under _main in BANK3

    None.

Critical Paths under _Lo_ISR in BANK3

    None.

Critical Paths under _Hi_ISR in BANK3

    None.

Critical Paths under _main in BANK4

    None.

Critical Paths under _Lo_ISR in BANK4

    None.

Critical Paths under _Hi_ISR in BANK4

    None.

Critical Paths under _main in BANK5

    None.

Critical Paths under _Lo_ISR in BANK5

    None.

Critical Paths under _Hi_ISR in BANK5

    None.

Call Graph Tables:

 ---------------------------------------------------------------------------------
 (Depth) Function   	        Calls       Base Space   Used Autos Params    Refs
 ---------------------------------------------------------------------------------
 (0) _main                                                 0     0      0       0
                  _SYSTEM_Initialize
 ---------------------------------------------------------------------------------
 (1) _SYSTEM_Initialize                                    0     0      0       0
                     _ADC_Initialize
                    _CCP1_Initialize
               _INTERRUPT_Initialize
              _OSCILLATOR_Initialize
                    _UART_Initialize
 ---------------------------------------------------------------------------------
 (2) _UART_Initialize                                      0     0      0       0
 ---------------------------------------------------------------------------------
 (2) _OSCILLATOR_Initialize                                0     0      0       0
 ---------------------------------------------------------------------------------
 (2) _INTERRUPT_Initialize                                 0     0      0       0
 ---------------------------------------------------------------------------------
 (2) _CCP1_Initialize                                      0     0      0       0
 ---------------------------------------------------------------------------------
 (2) _ADC_Initialize                                       0     0      0       0
 ---------------------------------------------------------------------------------
 Estimated maximum stack depth 2
 ---------------------------------------------------------------------------------
 (Depth) Function   	        Calls       Base Space   Used Autos Params    Refs
 ---------------------------------------------------------------------------------
 (3) _Lo_ISR                                               5     5      0     463
                                              6 COMRAM     5     5      0
                        _MyusartRead
 ---------------------------------------------------------------------------------
 (4) _MyusartRead                                          0     0      0     463
                         _UART_Write
                            ___awmod
 ---------------------------------------------------------------------------------
 (5) ___awmod                                              6     2      4     448
                                              0 COMRAM     6     2      4
 ---------------------------------------------------------------------------------
 (5) _UART_Write                                           1     1      0      15
                                              0 COMRAM     1     1      0
 ---------------------------------------------------------------------------------
 Estimated maximum stack depth 5
 ---------------------------------------------------------------------------------
 (Depth) Function   	        Calls       Base Space   Used Autos Params    Refs
 ---------------------------------------------------------------------------------
 (6) _Hi_ISR                                               0     0      0       0
 ---------------------------------------------------------------------------------
 Estimated maximum stack depth 6
 ---------------------------------------------------------------------------------

 Call Graph Graphs:

 _main (ROOT)
   _SYSTEM_Initialize
     _ADC_Initialize
     _CCP1_Initialize
     _INTERRUPT_Initialize
     _OSCILLATOR_Initialize
     _UART_Initialize

 _Lo_ISR (ROOT)
   _MyusartRead
     _UART_Write
     ___awmod

 _Hi_ISR (ROOT)

 Address spaces:
Name               Size   Autos  Total    Cost      Usage
BIGRAM             5F3      0       0      16        0.0%
EEDATA             100      0       0       0        0.0%
BITBANK4           100      0       0      11        0.0%
BANK4              100      0       0      12        0.0%
BITBANK3           100      0       0       9        0.0%
BANK3              100      0       0      10        0.0%
BITBANK2           100      0       0       7        0.0%
BANK2              100      0       0       8        0.0%
BITBANK1           100      0       0       5        0.0%
BANK1              100      0       0       6        0.0%
BITBANK5            F4      0       0      15        0.0%
BANK5               F4      0       0      13        0.0%
BITBANK0            80      0       0       3        0.0%
BANK0               80      0       0       4        0.0%
BITCOMRAM           7E      0       0       0        0.0%
COMRAM              7E      B      35       1       42.1%
BITSFR_5             0      0       0     200        0.0%
SFR_5                0      0       0     200        0.0%
BITSFR_4             0      0       0     200        0.0%
SFR_4                0      0       0     200        0.0%
BITSFR_3             0      0       0     200        0.0%
SFR_3                0      0       0     200        0.0%
BITSFR_2             0      0       0     200        0.0%
SFR_2                0      0       0     200        0.0%
BITSFR_1             0      0       0     200        0.0%
SFR_1                0      0       0     200        0.0%
BITSFR               0      0       0     200        0.0%
SFR                  0      0       0     200        0.0%
STACK                0      0       0       2        0.0%
NULL                 0      0       0       0        0.0%
ABS                  0      0      35      14        0.0%
DATA                 0      0      35      17        0.0%
CODE                 0      0       0       0        0.0%


Microchip Technology PIC18 Macro Assembler V2.10 build 88905656 
Symbol Table                                                                                   Wed Dec 11 22:57:31 2019

                            l22 021C                              l19 01D0                              l55 0184  
                            l92 0224                              bsr 000FE0                     __CFG_BORV$3 000000  
                  __CFG_CP0$OFF 000000                    __CFG_CP1$OFF 000000         __end_of_CCP1_Initialize 0216  
                  __CFG_CP2$OFF 000000                    __CFG_CP3$OFF 000000                             l103 0214  
                           l120 01E6                             l141 0202                             l142 0202  
                           l830 0164                             l910 01C8                             l840 0178  
                           l832 016E                             l912 01CC                             l826 0216  
                           l850 0182                             l842 017A                             l834 0172  
                           l906 01BC                             l860 01D2                             l852 020A  
                           l828 021E                             l844 017C                             l836 0174  
                           l908 01C4                             l862 01D4                             l854 020C  
                           l846 017E                             l838 0176                             l864 01D8  
                           l856 0210                             l848 0180                             l858 0212  
                           l968 01FE                    __CFG_CPB$OFF 000000                             _RC2 007C12  
                  __CFG_CPD$OFF 000000                             _str 0001                    ___awmod@sign 0030  
                           wreg 000FE8                    __CFG_IESO$ON 000000                    __CFG_LVP$OFF 000000  
                  __CFG_WDT$OFF 000000                            _ADFM 007E07                            _CREN 007D5C  
                          _RCIF 007CF5                            i1l61 01FC                            i1l58 01EA  
                          i1l85 0054                            i1l78 0162                            _TMR3 000FB2  
                  __CFG_WDTPS$1 000000                            _main 01FE                            fsr2h 000FDA  
                          indf2 000FDF                            fsr2l 000FD9                            btemp 0036  
                          start 006C                   __CFG_MCLRE$ON 000000                    ___param_bank 000000  
              ?_UART_Initialize 002B  __size_of_OSCILLATOR_Initialize 0008   __end_of_OSCILLATOR_Initialize 021E  
                         ?_main 002B                 __end_of___awmod 0120                           _IRCF0 007E9C  
                         _IRCF1 007E9D                           _IRCF2 007E9E                           i2l150 01A2  
                         i1l397 011E                           i1l866 01EA                           i1l868 01F8  
                         i1l980 0074                           i1l990 00A4                           i1l982 0082  
                         i1l992 00B6                           i1l984 008A                           i1l994 00BE  
                         i1l986 008E                           i1l978 0070                           i1l996 00C6  
                         i1l988 009C                           i1l998 00D4                           i2l970 0188  
                         i2l972 0196                           i2l974 019A                           _RCREG 000FAE  
                         _SPBRG 000FAF                           _TRISA 000F92                           _TXREG 000FAD  
                 __CFG_PWRT$OFF 000000                   __CFG_WRT0$OFF 000000                   __CFG_WRT1$OFF 000000  
                 __CFG_WRT2$OFF 000000                   __CFG_WRT3$OFF 000000                  __CFG_EBTR0$OFF 000000  
                __CFG_FCMEN$OFF 000000                  __CFG_EBTR1$OFF 000000                  __CFG_EBTR2$OFF 000000  
                __CFG_EBTR3$OFF 000000                     ?_UART_Write 002B                   __CFG_WRTB$OFF 000000  
                 __CFG_WRTC$OFF 000000                   __CFG_WRTD$OFF 000000                  __CFG_EBTRB$OFF 000000  
                         ttemp5 0037                           ttemp6 003A                           ttemp7 003E  
                         status 000FD8                           wtemp8 0037                  __CFG_PBADEN$ON 000000  
               __initialization 01A6                    __end_of_main 020A                          ??_main 0036  
              ?_CCP1_Initialize 002B                   __activetblptr 000000                          _ADCON1 000FC1  
                        _ADRESH 000FC4                          _ADRESL 000FC3                          i1l1000 00EA  
                        i1l1010 0116                          i1l1002 00F2                          i1l1004 00F8  
                        i1l1020 0146                          i1l1006 00FE                          i1l1014 0120  
                        i1l1030 0050                          i1l1008 010E                          i1l1016 0130  
                        i1l1024 002E                          i1l1018 0142                          i1l1026 003C  
                        i1l1028 004A                          i1u1_20 01F8                          i1u1_21 01F4  
                        _Hi_ISR 0008                          _Lo_ISR 0018                  __CFG_XINST$OFF 000000  
           __size_of_UART_Write 0016                  __CFG_STVREN$ON 000000                       ??___awmod 002F  
                        _lenStr 0015                          clear_0 01AC                 ___awmod@divisor 002D  
               ___awmod@counter 002F   __size_of_INTERRUPT_Initialize 0008               _SYSTEM_Initialize 01BC  
                    __accesstop 0080         __end_of__initialization 01B2              ?_SYSTEM_Initialize 002B  
                 ___rparam_used 000001                  __pcstackCOMRAM 002B             ??_SYSTEM_Initialize 0036  
                 ??_MyusartRead 0031       __end_of_SYSTEM_Initialize 01D2                         ?_Hi_ISR 002B  
                       ?_Lo_ISR 002B                         _CCP1CON 000FBD         __size_of_ADC_Initialize 0016  
                       i1u20_20 003C                         i1u20_21 0038                         i1u21_20 004A  
                       i1u21_21 0046                    ??_UART_Write 002B                         i1u14_20 0082  
                       i1u14_21 007E                         i1u15_20 009C                         i1u15_21 0098  
                       i1u16_20 00B6                         i1u16_21 00B2                         i1u17_20 00D4  
                       i1u17_21 00D0                         i1u18_20 00EA                         i1u18_21 00E6  
                       i1u19_20 010E                         i1u19_21 010A                         i2u13_40 0196  
                       i2u13_41 0192             __end_of_MyusartRead 0164                 __size_of_Hi_ISR 019E  
               __size_of_Lo_ISR 0054                         __Hparam 0000                         __Lparam 0000  
                       ___awmod 0070              __end_of_UART_Write 01FE                         __pcinit 01A6  
                       __ramtop 0600                         __ptext0 01FE                         __ptext1 01BC  
                       __ptext2 0164                         __ptext3 0216                         __ptext4 021E  
                       __ptext5 020A                         __ptext6 01D2                         __ptext8 0120  
                       __ptext9 0070           _OSCILLATOR_Initialize 0216                ___awmod@dividend 002B  
      __size_of_UART_Initialize 0022      __size_of_SYSTEM_Initialize 0016                  __pintcode_body 0186  
          end_of_initialization 01B2                         int_func 0186                       _RCSTAbits 000FAB  
                       postinc0 000FEE                  UART_Write@data 002B                       _TRISCbits 000F94  
                   _MyusartRead 0120        __size_of_CCP1_Initialize 000C                       _TXSTAbits 000FAC  
                __end_of_Hi_ISR 01A6                  __end_of_Lo_ISR 006C    __end_of_INTERRUPT_Initialize 0226  
                   _BAUDCONbits 000FB8                  _ADC_Initialize 01D2          ?_OSCILLATOR_Initialize 002B  
           start_initialization 01A6               ??_UART_Initialize 0036                __CFG_OSC$INTIO67 000000  
                      ??_Hi_ISR 002B                        ??_Lo_ISR 0031          __end_of_ADC_Initialize 01E8  
              __CFG_LPT1OSC$OFF 000000                     __pbssCOMRAM 0001               ??_CCP1_Initialize 0036  
             __CFG_CCP2MX$PORTC 000000                       __pintcode 0008                        ?___awmod 002B  
               ?_ADC_Initialize 002B                     __pintcodelo 0018            _INTERRUPT_Initialize 021E  
                      _IPR1bits 000F9F                        _PIE1bits 000F9D                        _PIR1bits 000F9E  
                      _RCONbits 000FD0                      _ADCON0bits 000FC2                      _ADCON2bits 000FC0  
                  ?_MyusartRead 002B           ?_INTERRUPT_Initialize 002B                        __Hrparam 0000  
                      __Lrparam 0000              __CFG_BOREN$SBORDIS 000000         ??_OSCILLATOR_Initialize 0036  
              __size_of___awmod 00B0                 _UART_Initialize 0164                        __ptext10 01E8  
                 __size_of_main 000C                        int$flags 0036                        _mystring 0017  
                    _INTCONbits 000FF2                 _CCP1_Initialize 020A          ??_INTERRUPT_Initialize 0036  
                      intlevel1 0000                        intlevel2 0000                ??_ADC_Initialize 0036  
       __end_of_UART_Initialize 0186                      _UART_Write 01E8            __size_of_MyusartRead 0044  
